0 info it worked if it ends with ok
1 verbose cli [ 'C:\\Program Files\\nodejs\\node.exe',
1 verbose cli   'C:\\Program Files\\nodejs\\node_modules\\npm\\bin\\npm-cli.js',
1 verbose cli   'run',
1 verbose cli   'build:watch' ]
2 info using npm@3.10.10
3 info using node@v6.10.0
4 verbose run-script [ 'prebuild:watch', 'build:watch', 'postbuild:watch' ]
5 info lifecycle angular-examples-master@1.0.0~prebuild:watch: angular-examples-master@1.0.0
6 silly lifecycle angular-examples-master@1.0.0~prebuild:watch: no script for prebuild:watch, continuing
7 info lifecycle angular-examples-master@1.0.0~build:watch: angular-examples-master@1.0.0
8 verbose lifecycle angular-examples-master@1.0.0~build:watch: unsafe-perm in lifecycle true
9 verbose lifecycle angular-examples-master@1.0.0~build:watch: PATH: C:\Program Files\nodejs\node_modules\npm\bin\node-gyp-bin;C:\xampp\htdocs\appangular\node_modules\.bin;C:\Program Files\nodejs\node_modules\npm\bin\node-gyp-bin;C:\xampp\htdocs\appangular\node_modules\.bin;C:\Users\Alvaro\bin;C:\Program Files\Git\mingw64\bin;C:\Program Files\Git\usr\local\bin;C:\Program Files\Git\usr\bin;C:\Program Files\Git\usr\bin;C:\Program Files\Git\mingw64\bin;C:\Program Files\Git\usr\bin;C:\Users\Alvaro\bin;C:\WINDOWS\system32;C:\WINDOWS;C:\WINDOWS\System32\Wbem;C:\WINDOWS\System32\WindowsPowerShell\v1.0;C:\WINDOWS\system32\config\systemprofile\.dnx\bin;C:\Program Files\Microsoft DNX\Dnvm;C:\Program Files\Microsoft SQL Server\130\Tools\Binn;C:\Program Files (x86)\GitExtensions;C:\Program Files\nodejs;C:\Ruby23-x64\bin;C:\Users\Alvaro\AppData\Local\Microsoft\WindowsApps;C:\Users\Alvaro\AppData\Roaming\npm;C:\Program Files\Git\usr\bin\vendor_perl;C:\Program Files\Git\usr\bin\core_perl
10 verbose lifecycle angular-examples-master@1.0.0~build:watch: CWD: C:\xampp\htdocs\appangular
11 silly lifecycle angular-examples-master@1.0.0~build:watch: Args: [ '/d /s /c', 'tsc -p src/ -w' ]
12 silly lifecycle angular-examples-master@1.0.0~build:watch: Returned: code: 1073807364  signal: null
13 info lifecycle angular-examples-master@1.0.0~build:watch: Failed to exec build:watch script
14 verbose stack Error: angular-examples-master@1.0.0 build:watch: `tsc -p src/ -w`
14 verbose stack Exit status 1073807364
14 verbose stack     at EventEmitter.<anonymous> (C:\Program Files\nodejs\node_modules\npm\lib\utils\lifecycle.js:255:16)
14 verbose stack     at emitTwo (events.js:106:13)
14 verbose stack     at EventEmitter.emit (events.js:191:7)
14 verbose stack     at ChildProcess.<anonymous> (C:\Program Files\nodejs\node_modules\npm\lib\utils\spawn.js:40:14)
14 verbose stack     at emitTwo (events.js:106:13)
14 verbose stack     at ChildProcess.emit (events.js:191:7)
14 verbose stack     at maybeClose (internal/child_process.js:877:16)
14 verbose stack     at Process.ChildProcess._handle.onexit (internal/child_process.js:226:5)
15 verbose pkgid angular-examples-master@1.0.0
16 verbose cwd C:\xampp\htdocs\appangular
17 error Windows_NT 10.0.14393
18 error argv "C:\\Program Files\\nodejs\\node.exe" "C:\\Program Files\\nodejs\\node_modules\\npm\\bin\\npm-cli.js" "run" "build:watch"
19 error node v6.10.0
20 error npm  v3.10.10
21 error code ELIFECYCLE
22 error angular-examples-master@1.0.0 build:watch: `tsc -p src/ -w`
22 error Exit status 1073807364
23 error Failed at the angular-examples-master@1.0.0 build:watch script 'tsc -p src/ -w'.
23 error Make sure you have the latest version of node.js and npm installed.
23 error If you do, this is most likely a problem with the angular-examples-master package,
23 error not with npm itself.
23 error Tell the author that this fails on your system:
23 error     tsc -p src/ -w
23 error You can get information on how to open an issue for this project with:
23 error     npm bugs angular-examples-master
23 error Or if that isn't available, you can get their info via:
23 error     npm owner ls angular-examples-master
23 error There is likely additional logging output above.
24 verbose exit [ 1, true ]
